<?xml version="1.0" encoding="UTF-8"?>
<!-- Generated by org.testng.reporters.JUnitReportReporter -->
<testsuite hostname="DESKTOP-ESKID2D" failures="0" tests="1" name="com.crm.qa.Testcases.HomePageTest" time="45.520" errors="0" timestamp="2023-09-05T23:57:01 IST" skipped="0">
  <testcase classname="com.crm.qa.Testcases.HomePageTest" name="FullSearchFormPage" time="45.520"/>
</testsuite> <!-- com.crm.qa.Testcases.HomePageTest -->
